<?xml version="1.0" encoding="UTF-8"?>
<!-- Generated by org.testng.reporters.JUnitXMLReporter -->
<testsuite hostname="LW-AmarT" ignored="0" name="Default test" tests="3" failures="0" timestamp="01 Oct 2017 18:36:38 GMT" time="284.158" errors="0">
  <testcase name="runAssetBulkCreation" time="45.252" classname="scenarios.AssetBulkCreationTest"/>
  <testcase name="runAssetBulkValueAssignment" time="46.856" classname="scenarios.AssetBulkCreationTest"/>
  <testcase name="runLeaseBulkCreation" time="158.821" classname="scenarios.AssetBulkCreationTest"/>
</testsuite> <!-- Default test -->
