<?xml version="1.0" encoding="UTF-8"?>
<!-- Generated by org.testng.reporters.JUnitXMLReporter -->
<testsuite hostname="LW-AmarT" ignored="0" name="Test" tests="3" failures="2" timestamp="20 Sep 2017 13:29:23 GMT" time="1355.676" errors="0">
  <testcase name="AssetBulkCreation1" time="834.785" classname="testscript.AssetBulkCreationTest"/>
  <testcase name="AssetBulkCostAssignment1" time="384.278" classname="testscript.AssetBulkCostAssignmentTest">
    <failure type="org.openqa.selenium.TimeoutException" message="Expected condition failed: waiting for alert to be present (tried for 10 second(s) with 500 MILLISECONDS interval)
Build info: version: &amp;apos;3.3.1&amp;apos;, revision: &amp;apos;5234b32&amp;apos;, time: &amp;apos;2017-03-10 09:04:52 -0800&amp;apos;
System info: host: &amp;apos;LW-AMART&amp;apos;, ip: &amp;apos;192.168.1.136&amp;apos;, os.name: &amp;apos;Windows 7&amp;apos;, os.arch: &amp;apos;x86&amp;apos;, os.version: &amp;apos;6.1&amp;apos;, java.version: &amp;apos;1.8.0_111&amp;apos;
Driver info: org.openqa.selenium.ie.InternetExplorerDriver
Capabilities [{se:ieOptions={browserAttachTimeout=0, ie.enableFullPageScreenshot=true, enablePersistentHover=true, ie.forceCreateProcessApi=false, ie.forceShellWindowsApi=false, ignoreZoomSetting=false, ie.fileUploadDialogTimeout=3000, ie.useLegacyFileUploadDialogHandling=false, nativeEvents=true, ie.ensureCleanSession=false, elementScrollBehavior=0, ie.browserCommandLineSwitches=, requireWindowFocus=false, initialBrowserUrl=http://localhost:26730/, ignoreProtectedModeSettings=false, enableElementCacheCleanup=true}, browserName=internet explorer, pageLoadStrategy=normal, javascriptEnabled=true, version=11, platform=WINDOWS, unexpectedAlertBehaviour=dismiss}]
Session ID: a4742785-0705-4881-9299-90dfcd49797f">
      <![CDATA[org.openqa.selenium.TimeoutException: Expected condition failed: waiting for alert to be present (tried for 10 second(s) with 500 MILLISECONDS interval)
Build info: version: '3.3.1', revision: '5234b32', time: '2017-03-10 09:04:52 -0800'
System info: host: 'LW-AMART', ip: '192.168.1.136', os.name: 'Windows 7', os.arch: 'x86', os.version: '6.1', java.version: '1.8.0_111'
Driver info: org.openqa.selenium.ie.InternetExplorerDriver
Capabilities [{se:ieOptions={browserAttachTimeout=0, ie.enableFullPageScreenshot=true, enablePersistentHover=true, ie.forceCreateProcessApi=false, ie.forceShellWindowsApi=false, ignoreZoomSetting=false, ie.fileUploadDialogTimeout=3000, ie.useLegacyFileUploadDialogHandling=false, nativeEvents=true, ie.ensureCleanSession=false, elementScrollBehavior=0, ie.browserCommandLineSwitches=, requireWindowFocus=false, initialBrowserUrl=http://localhost:26730/, ignoreProtectedModeSettings=false, enableElementCacheCleanup=true}, browserName=internet explorer, pageLoadStrategy=normal, javascriptEnabled=true, version=11, platform=WINDOWS, unexpectedAlertBehaviour=dismiss}]
Session ID: a4742785-0705-4881-9299-90dfcd49797f
	at org.openqa.selenium.support.ui.WebDriverWait.timeoutException(WebDriverWait.java:80)
	at org.openqa.selenium.support.ui.FluentWait.until(FluentWait.java:232)
	at pom.AssetValueAndStatusChangePage.handlePopup(AssetValueAndStatusChangePage.java:88)
	at testscript.AssetBulkCostAssignmentTest.AssetBulkCostAssignment1(AssetBulkCostAssignmentTest.java:43)
... Removed 25 stack frames]]>
    </failure>
  </testcase> <!-- AssetBulkCostAssignment1 -->
  <testcase name="LeaseBulkCreationTest1" time="73.269" classname="testscript.LeaseBulkCreationTest">
    <failure type="org.openqa.selenium.TimeoutException" message="Expected condition failed: waiting for generic.SwitchControlToNextWindow$1@127b3b0 (tried for 60 second(s) with 500 MILLISECONDS interval)
Build info: version: &amp;apos;3.3.1&amp;apos;, revision: &amp;apos;5234b32&amp;apos;, time: &amp;apos;2017-03-10 09:04:52 -0800&amp;apos;
System info: host: &amp;apos;LW-AMART&amp;apos;, ip: &amp;apos;192.168.1.136&amp;apos;, os.name: &amp;apos;Windows 7&amp;apos;, os.arch: &amp;apos;x86&amp;apos;, os.version: &amp;apos;6.1&amp;apos;, java.version: &amp;apos;1.8.0_111&amp;apos;
Driver info: org.openqa.selenium.ie.InternetExplorerDriver
Capabilities [{se:ieOptions={browserAttachTimeout=0, ie.enableFullPageScreenshot=true, enablePersistentHover=true, ie.forceCreateProcessApi=false, ie.forceShellWindowsApi=false, ignoreZoomSetting=false, ie.fileUploadDialogTimeout=3000, ie.useLegacyFileUploadDialogHandling=false, nativeEvents=true, ie.ensureCleanSession=false, elementScrollBehavior=0, ie.browserCommandLineSwitches=, requireWindowFocus=false, initialBrowserUrl=http://localhost:26400/, ignoreProtectedModeSettings=false, enableElementCacheCleanup=true}, browserName=internet explorer, pageLoadStrategy=normal, javascriptEnabled=true, version=11, platform=WINDOWS, unexpectedAlertBehaviour=dismiss}]
Session ID: c2786b34-a384-42d9-ac7e-b7d89d9d24d3">
      <![CDATA[org.openqa.selenium.TimeoutException: Expected condition failed: waiting for generic.SwitchControlToNextWindow$1@127b3b0 (tried for 60 second(s) with 500 MILLISECONDS interval)
Build info: version: '3.3.1', revision: '5234b32', time: '2017-03-10 09:04:52 -0800'
System info: host: 'LW-AMART', ip: '192.168.1.136', os.name: 'Windows 7', os.arch: 'x86', os.version: '6.1', java.version: '1.8.0_111'
Driver info: org.openqa.selenium.ie.InternetExplorerDriver
Capabilities [{se:ieOptions={browserAttachTimeout=0, ie.enableFullPageScreenshot=true, enablePersistentHover=true, ie.forceCreateProcessApi=false, ie.forceShellWindowsApi=false, ignoreZoomSetting=false, ie.fileUploadDialogTimeout=3000, ie.useLegacyFileUploadDialogHandling=false, nativeEvents=true, ie.ensureCleanSession=false, elementScrollBehavior=0, ie.browserCommandLineSwitches=, requireWindowFocus=false, initialBrowserUrl=http://localhost:26400/, ignoreProtectedModeSettings=false, enableElementCacheCleanup=true}, browserName=internet explorer, pageLoadStrategy=normal, javascriptEnabled=true, version=11, platform=WINDOWS, unexpectedAlertBehaviour=dismiss}]
Session ID: c2786b34-a384-42d9-ac7e-b7d89d9d24d3
	at org.openqa.selenium.support.ui.WebDriverWait.timeoutException(WebDriverWait.java:80)
	at org.openqa.selenium.support.ui.FluentWait.until(FluentWait.java:232)
	at generic.SwitchControlToNextWindow.waitForNumberOfWindowsToEqual(SwitchControlToNextWindow.java:51)
	at pom.LeaseInventoryInLeasePage.clickOnAddButon(LeaseInventoryInLeasePage.java:53)
	at testscript.LeaseBulkCreationTest.LeaseBulkCreationTest1(LeaseBulkCreationTest.java:56)
... Removed 25 stack frames]]>
    </failure>
  </testcase> <!-- LeaseBulkCreationTest1 -->
</testsuite> <!-- Test -->
