<?xml version="1.0" encoding="UTF-8"?>
<!-- Generated by org.testng.reporters.JUnitXMLReporter -->
<testsuite hostname="LW-AmarT" ignored="0" name="Test" tests="6" failures="0" timestamp="24 Sep 2017 16:36:54 GMT" time="261.157" errors="0">
  <testcase name="CreatingAssetForLeaseRestructureTest" time="20.74" classname="testscript.RestructureAssetCreation"/>
  <testcase name="AssetCostAssignmentTest" time="26.164" classname="testscript.RestructureAssetValueTest"/>
  <testcase name="RestructureLeaseTest" time="82.85" classname="testscript.RestructureLeaseCreationTest"/>
  <testcase name="testArrearsLeaseLTRtoSTUpdate" time="14.077" classname="testscript.RestructureLeaseLTtoSTUpdate"/>
  <testcase name="LeaseIncomeUpdateTest" time="15.47" classname="testscript.RestructureLeaseIncomeUpdate"/>
  <testcase name="leaseRestructureSmokeTest" time="43.664" classname="testscript.RestructureLeaseTest"/>
</testsuite> <!-- Test -->
